[debug] [2026-03-26T13:32:19.510Z] ----------------------------------------------------------------------
[debug] [2026-03-26T13:32:19.514Z] Command:       C:\Program Files\nodejs\node.exe C:\Users\centr\AppData\Roaming\npm\node_modules\firebase-tools\lib\bin\firebase.js login:ci --no-localhost
[debug] [2026-03-26T13:32:19.515Z] CLI Version:   15.9.0
[debug] [2026-03-26T13:32:19.515Z] Platform:      win32
[debug] [2026-03-26T13:32:19.515Z] Node Version:  v25.8.0
[debug] [2026-03-26T13:32:19.515Z] Time:          Thu Mar 26 2026 10:32:19 GMT-0300 (hora estándar de Argentina)
[debug] [2026-03-26T13:32:19.516Z] ----------------------------------------------------------------------
[debug] 
[debug] [2026-03-26T13:32:19.522Z] >>> [apiv2][query] GET https://firebase-public.firebaseio.com/cli.json [none]
[warn] !  Authenticating with a `login:ci` token is deprecated and will be removed in a future major version of `firebase-tools`. Instead, use a service account key with `GOOGLE_APPLICATION_CREDENTIALS`: https://cloud.google.com/docs/authentication/getting-started 
[debug] [2026-03-26T13:32:20.080Z] >>> [apiv2][query] POST https://auth.firebase.tools/attest [none]
[debug] [2026-03-26T13:32:20.080Z] >>> [apiv2][body] POST https://auth.firebase.tools/attest {"session_id":"b0636209-38bb-4b70-8c27-e975cf622fc0"}
[debug] [2026-03-26T13:32:21.623Z] <<< [apiv2][status] GET https://firebase-public.firebaseio.com/cli.json 200
[debug] [2026-03-26T13:32:21.623Z] <<< [apiv2][body] GET https://firebase-public.firebaseio.com/cli.json {"cloudBuildErrorAfter":1594252800000,"cloudBuildWarnAfter":1590019200000,"defaultNode10After":1594252800000,"minVersion":"3.0.5","node8DeploysDisabledAfter":1613390400000,"node8RuntimeDisabledAfter":1615809600000,"node8WarnAfter":1600128000000}
[debug] [2026-03-26T13:32:21.947Z] <<< [apiv2][status] POST https://auth.firebase.tools/attest 200
[debug] [2026-03-26T13:32:21.947Z] <<< [apiv2][body] POST https://auth.firebase.tools/attest {"token":"uhhMMk2_t8rumbtmbC2Q2wR2BhatM_85ao9YP9c64vI"}
[info] 
[info] To sign in to the Firebase CLI:
[info] 
[info] 1. Take note of your session ID:
[info] 
[info]    B0636
[info] 
[info] 2. Visit the URL below on any device and follow the instructions to get your code:
[info] 
[info]    https://auth.firebase.tools/login?code_challenge=xneQkZzMvLsZ1fps0Hmihhe8c7pHzs2mZ2UVlARf9Nc&session=b0636209-38bb-4b70-8c27-e975cf622fc0&attest=uhhMMk2_t8rumbtmbC2Q2wR2BhatM_85ao9YP9c64vI
[info] 
[info] 3. Paste or enter the authorization code below once you have it:
[info] 
[debug] [2026-03-26T13:32:40.868Z] ExitPromptError: User force closed the prompt with SIGINT
    at Interface.sigint (C:\Users\centr\AppData\Roaming\npm\node_modules\firebase-tools\node_modules\@inquirer\core\dist\commonjs\lib\create-prompt.js:101:37)
    at Interface.emit (node:events:508:20)
    at [_ttyWrite] [as _ttyWrite] (node:internal/readline/interface:1327:18)
    at ReadStream.onkeypress (node:internal/readline/interface:284:20)
    at ReadStream.emit (node:events:520:22)
    at emitKeys (node:internal/readline/utils:371:14)
    at emitKeys.next (<anonymous>)
    at ReadStream.onData (node:internal/readline/emitKeypressEvents:64:36)
    at ReadStream.emit (node:events:508:20)
    at addChunk (node:internal/streams/readable:564:12)
[error] 
[error] Error: An unexpected error has occurred.
